{"/home/hien/School/SmartEats/backend/src/controllers/recipes/helper.ts": {"path":"/home/hien/School/SmartEats/backend/src/controllers/recipes/helper.ts","statementMap":{"0":{"start":{"line":1,"column":25},"end":{"line":19,"column":1}},"1":{"start":{"line":2,"column":2},"end":{"line":2,"column":null}},"2":{"start":{"line":2,"column":12},"end":{"line":2,"column":null}},"3":{"start":{"line":4,"column":22},"end":{"line":4,"column":39}},"4":{"start":{"line":6,"column":2},"end":{"line":16,"column":null}},"5":{"start":{"line":7,"column":24},"end":{"line":7,"column":46}},"6":{"start":{"line":9,"column":4},"end":{"line":15,"column":null}},"7":{"start":{"line":10,"column":27},"end":{"line":10,"column":43}},"8":{"start":{"line":11,"column":6},"end":{"line":14,"column":null}},"9":{"start":{"line":13,"column":8},"end":{"line":13,"column":null}},"10":{"start":{"line":18,"column":2},"end":{"line":18,"column":null}},"11":{"start":{"line":21,"column":9},"end":{"line":21,"column":25}}},"fnMap":{"0":{"name":"(anonymous_0)","decl":{"start":{"line":1,"column":25},"end":{"line":1,"column":26}},"loc":{"start":{"line":1,"column":56},"end":{"line":19,"column":1}}}},"branchMap":{"0":{"loc":{"start":{"line":2,"column":2},"end":{"line":2,"column":null}},"type":"if","locations":[{"start":{"line":2,"column":2},"end":{"line":2,"column":null}}]},"1":{"loc":{"start":{"line":6,"column":2},"end":{"line":16,"column":null}},"type":"if","locations":[{"start":{"line":6,"column":2},"end":{"line":16,"column":null}}]},"2":{"loc":{"start":{"line":11,"column":6},"end":{"line":14,"column":null}},"type":"if","locations":[{"start":{"line":11,"column":6},"end":{"line":14,"column":null}}]},"3":{"loc":{"start":{"line":11,"column":10},"end":{"line":11,"column":41}},"type":"binary-expr","locations":[{"start":{"line":11,"column":10},"end":{"line":11,"column":25}},{"start":{"line":11,"column":29},"end":{"line":11,"column":41}}]}},"s":{"0":1,"1":4,"2":1,"3":3,"4":3,"5":3,"6":3,"7":3,"8":3,"9":1,"10":2,"11":1},"f":{"0":4},"b":{"0":[1],"1":[3],"2":[1],"3":[3,2]}}
}
